TN:
SF:src/components/Form/Button/index.tsx
FN:10,Button
FNF:1
FNH:1
FNDA:4,Button
DA:11,4
LF:1
LH:1
BRF:0
BRH:0
end_of_record
TN:
SF:src/components/Form/CategorySelectButton/index.tsx
FN:11,CategorySelectButton
FNF:1
FNH:1
FNDA:2,CategorySelectButton
DA:12,2
LF:1
LH:1
BRF:0
BRH:0
end_of_record
TN:
SF:src/components/Form/Input/index.tsx
FN:9,Input
FNF:1
FNH:1
FNDA:5,Input
DA:10,5
LF:1
LH:1
BRDA:9,0,0,4
BRF:1
BRH:1
end_of_record
TN:
SF:src/components/Form/InputForm/index.tsx
FN:13,InputForm
FN:18,(anonymous_1)
FNF:2
FNH:2
FNDA:4,InputForm
FNDA:4,(anonymous_1)
DA:14,4
DA:19,4
LF:2
LH:2
BRDA:23,0,0,4
BRDA:23,0,1,0
BRF:2
BRH:1
end_of_record
TN:
SF:src/components/Form/TransactionTypeButton/index.tsx
FN:16,TransactionTypeButton
FNF:1
FNH:1
FNDA:4,TransactionTypeButton
DA:5,1
DA:22,4
LF:2
LH:2
BRF:0
BRH:0
end_of_record
TN:
SF:src/components/HighlightCard/index.tsx
FN:25,HighlightCard
FNF:1
FNH:0
FNDA:0,HighlightCard
DA:19,0
DA:26,0
LF:2
LH:0
BRF:0
BRH:0
end_of_record
TN:
SF:src/components/HistoryCard/index.tsx
FN:10,HistoryCard
FNF:1
FNH:0
FNDA:0,HistoryCard
DA:11,0
LF:1
LH:0
BRF:0
BRH:0
end_of_record
TN:
SF:src/components/SignInSocialButton/index.tsx
FN:15,SignInSocialButton
FNF:1
FNH:0
FNDA:0,SignInSocialButton
DA:16,0
LF:1
LH:0
BRF:0
BRH:0
end_of_record
TN:
SF:src/components/TransactionCard/index.tsx
FN:26,TransactionCard
FN:27,(anonymous_1)
FNF:2
FNH:0
FNDA:0,TransactionCard
FNDA:0,(anonymous_1)
DA:27,0
DA:29,0
LF:2
LH:0
BRDA:33,0,0,0
BRDA:33,0,1,0
BRF:2
BRH:0
end_of_record
TN:
SF:src/hooks/auth.tsx
FN:43,AuthProvider
FN:48,signIWithGoogle
FN:80,signIWithApple
FN:107,signOut
FN:112,(anonymous_4)
FN:113,loadUserStorageData
FN:140,useAuth
FNF:7
FNH:5
FNDA:7,AuthProvider
FNDA:3,signIWithGoogle
FNDA:0,signIWithApple
FNDA:0,signOut
FNDA:3,(anonymous_4)
FNDA:3,loadUserStorageData
FNDA:9,useAuth
DA:12,2
DA:13,2
DA:41,2
DA:44,7
DA:45,7
DA:46,7
DA:49,3
DA:50,3
DA:51,3
DA:53,3
DA:55,3
DA:59,3
DA:60,1
DA:63,1
DA:65,1
DA:72,1
DA:73,1
DA:76,0
DA:81,0
DA:82,0
DA:89,0
DA:90,0
DA:91,0
DA:92,0
DA:99,0
DA:100,0
DA:103,0
DA:108,0
DA:109,0
DA:112,7
DA:114,3
DA:115,3
DA:116,0
DA:117,0
DA:119,3
DA:122,3
DA:125,7
DA:141,9
DA:143,9
LF:39
LH:25
BRDA:59,0,0,1
BRDA:59,0,1,2
BRDA:89,1,0,0
BRDA:89,1,1,0
BRDA:115,2,0,0
BRDA:115,2,1,3
BRF:6
BRH:3
end_of_record
TN:
SF:src/routes/app.routes.tsx
FN:12,AppRoutes
FN:30,(anonymous_1)
FN:43,(anonymous_2)
FN:52,(anonymous_3)
FNF:4
FNH:0
FNDA:0,AppRoutes
FNDA:0,(anonymous_1)
FNDA:0,(anonymous_2)
FNDA:0,(anonymous_3)
DA:10,0
DA:13,0
DA:14,0
DA:31,0
DA:44,0
DA:53,0
LF:6
LH:0
BRDA:21,0,0,0
BRDA:21,0,1,0
BRF:2
BRH:0
end_of_record
TN:
SF:src/routes/auth.routes.tsx
FN:7,AuthRoutes
FNF:1
FNH:0
FNDA:0,AuthRoutes
DA:5,0
DA:8,0
LF:2
LH:0
BRF:0
BRH:0
end_of_record
TN:
SF:src/routes/index.tsx
FN:7,Routes
FNF:1
FNH:0
FNDA:0,Routes
DA:8,0
DA:9,0
LF:2
LH:0
BRDA:11,0,0,0
BRDA:11,0,1,0
BRF:2
BRH:0
end_of_record
TN:
SF:src/screens/CategorySelect/index.tsx
FN:27,CategorySelect
FN:32,handleCategorySelect
FN:45,(anonymous_2)
FN:46,(anonymous_3)
FN:47,(anonymous_4)
FN:49,(anonymous_5)
FNF:6
FNH:4
FNDA:2,CategorySelect
FNDA:0,handleCategorySelect
FNDA:14,(anonymous_2)
FNDA:12,(anonymous_3)
FNDA:14,(anonymous_4)
FNDA:0,(anonymous_5)
DA:33,0
DA:36,2
DA:45,14
DA:46,12
DA:48,14
DA:49,0
LF:6
LH:4
BRF:0
BRH:0
end_of_record
TN:
SF:src/screens/Dashboard/index.tsx
FN:44,Dashboard
FN:53,getLastTransactionDate
FN:58,(anonymous_2)
FN:66,(anonymous_3)
FN:79,loadTransactions
FN:88,(anonymous_5)
FN:170,(anonymous_6)
FN:178,(anonymous_7)
FN:235,(anonymous_8)
FN:236,(anonymous_9)
FNF:10
FNH:0
FNDA:0,Dashboard
FNDA:0,getLastTransactionDate
FNDA:0,(anonymous_2)
FNDA:0,(anonymous_3)
FNDA:0,loadTransactions
FNDA:0,(anonymous_5)
FNDA:0,(anonymous_6)
FNDA:0,(anonymous_7)
FNDA:0,(anonymous_8)
FNDA:0,(anonymous_9)
DA:45,0
DA:46,0
DA:47,0
DA:48,0
DA:49,0
DA:57,0
DA:58,0
DA:61,0
DA:63,0
DA:67,0
DA:71,0
DA:76,0
DA:80,0
DA:81,0
DA:82,0
DA:84,0
DA:85,0
DA:87,0
DA:89,0
DA:90,0
DA:92,0
DA:95,0
DA:100,0
DA:106,0
DA:117,0
DA:118,0
DA:122,0
DA:126,0
DA:127,0
DA:132,0
DA:136,0
DA:137,0
DA:167,0
DA:170,0
DA:171,0
DA:177,0
DA:179,0
DA:183,0
DA:235,0
DA:236,0
LF:40
LH:0
BRDA:61,0,0,0
BRDA:61,0,1,0
BRDA:82,1,0,0
BRDA:82,1,1,0
BRDA:89,2,0,0
BRDA:89,2,1,0
BRDA:132,3,0,0
BRDA:132,3,1,0
BRDA:132,4,0,0
BRDA:132,4,1,0
BRDA:144,5,0,0
BRDA:144,5,1,0
BRDA:154,6,0,0
BRDA:154,6,1,0
BRDA:185,7,0,0
BRDA:185,7,1,0
BRF:16
BRH:0
end_of_record
TN:
SF:src/screens/Profile/index.tsx
FN:4,Profile
FN:22,(anonymous_1)
FNF:2
FNH:1
FNDA:3,Profile
FNDA:0,(anonymous_1)
DA:5,3
LF:1
LH:1
BRF:0
BRH:0
end_of_record
TN:
SF:src/screens/Register/index.tsx
FN:37,Register
FN:56,handleTransactionsTypeSelect
FN:60,handleOpenSelectCategoryModal
FN:61,(anonymous_3)
FN:66,handleCloseSelectCategoryModal
FN:70,handleRegister
FN:137,(anonymous_6)
FN:143,(anonymous_7)
FNF:8
FNH:3
FNDA:2,Register
FNDA:0,handleTransactionsTypeSelect
FNDA:1,handleOpenSelectCategoryModal
FNDA:1,(anonymous_3)
FNDA:0,handleCloseSelectCategoryModal
FNDA:0,handleRegister
FNDA:0,(anonymous_6)
FNDA:0,(anonymous_7)
DA:29,1
DA:38,2
DA:39,2
DA:40,2
DA:41,2
DA:42,2
DA:52,2
DA:57,0
DA:61,1
DA:62,1
DA:67,0
DA:71,0
DA:73,0
DA:74,0
DA:76,0
DA:85,0
DA:86,0
DA:88,0
DA:89,0
DA:91,0
DA:93,0
DA:95,0
DA:96,0
DA:97,0
DA:102,0
DA:104,0
DA:105,0
DA:109,2
DA:137,0
DA:143,0
LF:30
LH:10
BRDA:71,0,0,0
BRDA:71,0,1,0
BRDA:73,1,0,0
BRDA:73,1,1,0
BRDA:89,2,0,0
BRDA:89,2,1,0
BRDA:124,3,0,2
BRDA:124,3,1,0
BRDA:131,4,0,2
BRDA:131,4,1,0
BRF:10
BRH:2
end_of_record
TN:
SF:src/screens/Resume/index.tsx
FN:43,Resume
FN:52,handleDateChange
FN:60,loadData
FN:67,(anonymous_3)
FN:73,(anonymous_4)
FN:81,(anonymous_5)
FN:84,(anonymous_6)
FN:116,(anonymous_7)
FN:141,(anonymous_8)
FN:149,(anonymous_9)
FN:157,(anonymous_10)
FN:171,(anonymous_11)
FNF:12
FNH:0
FNDA:0,Resume
FNDA:0,handleDateChange
FNDA:0,loadData
FNDA:0,(anonymous_3)
FNDA:0,(anonymous_4)
FNDA:0,(anonymous_5)
FNDA:0,(anonymous_6)
FNDA:0,(anonymous_7)
FNDA:0,(anonymous_8)
FNDA:0,(anonymous_9)
FNDA:0,(anonymous_10)
FNDA:0,(anonymous_11)
DA:44,0
DA:45,0
DA:46,0
DA:47,0
DA:50,0
DA:53,0
DA:54,0
DA:56,0
DA:61,0
DA:62,0
DA:63,0
DA:64,0
DA:66,0
DA:68,0
DA:72,0
DA:74,0
DA:79,0
DA:81,0
DA:82,0
DA:84,0
DA:85,0
DA:86,0
DA:90,0
DA:91,0
DA:96,0
DA:100,0
DA:111,0
DA:112,0
DA:115,0
DA:117,0
DA:121,0
DA:141,0
DA:149,0
DA:157,0
DA:172,0
LF:35
LH:0
BRDA:53,0,0,0
BRDA:53,0,1,0
BRDA:64,1,0,0
BRDA:64,1,1,0
BRDA:68,2,0,0
BRDA:68,2,1,0
BRDA:68,2,2,0
BRDA:85,3,0,0
BRDA:85,3,1,0
BRDA:90,4,0,0
BRDA:90,4,1,0
BRDA:127,5,0,0
BRDA:127,5,1,0
BRF:13
BRH:0
end_of_record
TN:
SF:src/screens/SignIn/index.tsx
FN:22,SignIn
FN:27,handleSignInWithGoogle
FN:38,handleSignInWithApple
FNF:3
FNH:0
FNDA:0,SignIn
FNDA:0,handleSignInWithGoogle
FNDA:0,handleSignInWithApple
DA:23,0
DA:24,0
DA:25,0
DA:28,0
DA:29,0
DA:30,0
DA:32,0
DA:33,0
DA:34,0
DA:39,0
DA:40,0
DA:41,0
DA:43,0
DA:44,0
DA:45,0
DA:49,0
LF:16
LH:0
BRDA:72,0,0,0
BRDA:72,0,1,0
BRDA:80,1,0,0
BRDA:80,1,1,0
BRF:4
BRH:0
end_of_record
